<?xml version="1.0" encoding="UTF-8"?>
<!-- Generated by org.testng.reporters.JUnitXMLReporter -->
<testsuite ignored="0" hostname="DESKTOP-1PP5FHN" failures="0" tests="5" name="Test" time="83.225" errors="0" timestamp="2026-06-03T21:37:53 IST">
  <testcase classname="testcase.AmazonTestCases" name="verifyTitle" time="5.767"/>
  <testcase classname="testcase.AmazonTestCases" name="verifyURL" time="0.073"/>
  <testcase classname="testcase.AmazonTestCases" name="verifyDataSearch" time="12.097"/>
  <testcase classname="testcase.AmazonTestCases" name="verifyDataSearch" time="8.311"/>
  <testcase classname="testcase.AmazonTestCases" name="verifyDataSearch" time="9.448"/>
</testsuite> <!-- Test -->
