<?xml version="1.0" encoding="UTF-8"?>
<!-- Generated by org.testng.reporters.JUnitXMLReporter -->
<testsuite ignored="0" hostname="DESKTOP-1PP5FHN" failures="0" tests="5" name="Test" time="53.393" errors="0" timestamp="2026-06-04T16:57:02 IST">
  <testcase classname="testcase.AmazonTestCases" name="verifyTitle" time="9.83"/>
  <testcase classname="testcase.AmazonTestCases" name="verifyURL" time="0.119"/>
  <testcase classname="testcase.AmazonTestCases" name="verifyDataSearch" time="4.922"/>
  <testcase classname="testcase.AmazonTestCases" name="verifyDataSearch" time="5.004"/>
  <testcase classname="testcase.AmazonTestCases" name="verifyDataSearch" time="6.305"/>
</testsuite> <!-- Test -->
