<?xml version="1.0" encoding="UTF-8"?>
<testng-results ignored="0" total="5" passed="5" failed="0" skipped="0">
  <reporter-output>
  </reporter-output>
  <suite started-at="2026-06-04T16:56:09 IST" name="Suite" finished-at="2026-06-04T16:57:02 IST" duration-ms="53393">
    <groups>
    </groups>
    <test started-at="2026-06-04T16:56:09 IST" name="Test" finished-at="2026-06-04T16:57:02 IST" duration-ms="53393">
      <class name="testcase.AmazonTestCases">
        <test-method is-config="true" signature="loadConfig()[pri:0, instance:testcase.AmazonTestCases@6f53b8a]" started-at="2026-06-04T16:56:09 IST" name="loadConfig" finished-at="2026-06-04T16:56:09 IST" duration-ms="199" status="PASS">
          <reporter-output>
          </reporter-output>
        </test-method> <!-- loadConfig -->
        <test-method is-config="true" signature="beforeClass()[pri:0, instance:testcase.AmazonTestCases@6f53b8a]" started-at="2026-06-04T16:56:09 IST" name="beforeClass" finished-at="2026-06-04T16:56:13 IST" duration-ms="4655" status="PASS">
          <reporter-output>
          </reporter-output>
        </test-method> <!-- beforeClass -->
        <test-method is-config="true" signature="beforeMethod()[pri:0, instance:testcase.AmazonTestCases@6f53b8a]" started-at="2026-06-04T16:56:13 IST" name="beforeMethod" finished-at="2026-06-04T16:56:16 IST" duration-ms="2261" status="PASS">
          <reporter-output>
          </reporter-output>
        </test-method> <!-- beforeMethod -->
        <test-method signature="verifyTitle(java.lang.String)[pri:0, instance:testcase.AmazonTestCases@6f53b8a]" started-at="2026-06-04T16:56:16 IST" name="verifyTitle" finished-at="2026-06-04T16:56:26 IST" duration-ms="9830" status="PASS">
          <params>
            <param index="0">
              <value>
                <![CDATA[Online Shopping site in India: Shop Online for Mobiles, Books, Watches, Shoes and More - Amazon.in]]>
              </value>
            </param>
          </params>
          <reporter-output>
          </reporter-output>
        </test-method> <!-- verifyTitle -->
        <test-method is-config="true" signature="beforeMethod()[pri:0, instance:testcase.AmazonTestCases@6f53b8a]" started-at="2026-06-04T16:56:26 IST" name="beforeMethod" finished-at="2026-06-04T16:56:28 IST" duration-ms="2597" status="PASS">
          <reporter-output>
          </reporter-output>
        </test-method> <!-- beforeMethod -->
        <test-method signature="verifyURL()[pri:0, instance:testcase.AmazonTestCases@6f53b8a]" started-at="2026-06-04T16:56:28 IST" name="verifyURL" finished-at="2026-06-04T16:56:28 IST" duration-ms="119" status="PASS">
          <reporter-output>
          </reporter-output>
        </test-method> <!-- verifyURL -->
        <test-method is-config="true" signature="beforeMethod()[pri:0, instance:testcase.AmazonTestCases@6f53b8a]" started-at="2026-06-04T16:56:29 IST" name="beforeMethod" finished-at="2026-06-04T16:56:33 IST" duration-ms="4029" status="PASS">
          <reporter-output>
          </reporter-output>
        </test-method> <!-- beforeMethod -->
        <test-method signature="verifyDataSearch(java.lang.String)[pri:2, instance:testcase.AmazonTestCases@6f53b8a]" started-at="2026-06-04T16:56:33 IST" name="verifyDataSearch" data-provider="getSearchData" finished-at="2026-06-04T16:56:38 IST" duration-ms="4922" status="PASS">
          <params>
            <param index="0">
              <value>
                <![CDATA[Laptop]]>
              </value>
            </param>
          </params>
          <reporter-output>
          </reporter-output>
        </test-method> <!-- verifyDataSearch -->
        <test-method is-config="true" signature="beforeMethod()[pri:0, instance:testcase.AmazonTestCases@6f53b8a]" started-at="2026-06-04T16:56:38 IST" name="beforeMethod" finished-at="2026-06-04T16:56:48 IST" duration-ms="10379" status="PASS">
          <reporter-output>
          </reporter-output>
        </test-method> <!-- beforeMethod -->
        <test-method signature="verifyDataSearch(java.lang.String)[pri:2, instance:testcase.AmazonTestCases@6f53b8a]" started-at="2026-06-04T16:56:48 IST" name="verifyDataSearch" data-provider="getSearchData" finished-at="2026-06-04T16:56:53 IST" duration-ms="5004" status="PASS">
          <params>
            <param index="0">
              <value>
                <![CDATA[Mobiles]]>
              </value>
            </param>
          </params>
          <reporter-output>
          </reporter-output>
        </test-method> <!-- verifyDataSearch -->
        <test-method is-config="true" signature="beforeMethod()[pri:0, instance:testcase.AmazonTestCases@6f53b8a]" started-at="2026-06-04T16:56:53 IST" name="beforeMethod" finished-at="2026-06-04T16:56:56 IST" duration-ms="2444" status="PASS">
          <reporter-output>
          </reporter-output>
        </test-method> <!-- beforeMethod -->
        <test-method signature="verifyDataSearch(java.lang.String)[pri:2, instance:testcase.AmazonTestCases@6f53b8a]" started-at="2026-06-04T16:56:56 IST" name="verifyDataSearch" data-provider="getSearchData" finished-at="2026-06-04T16:57:02 IST" duration-ms="6305" status="PASS">
          <params>
            <param index="0">
              <value>
                <![CDATA[Watches]]>
              </value>
            </param>
          </params>
          <reporter-output>
          </reporter-output>
        </test-method> <!-- verifyDataSearch -->
        <test-method is-config="true" signature="afterClass()[pri:0, instance:testcase.AmazonTestCases@6f53b8a]" started-at="2026-06-04T16:57:02 IST" name="afterClass" finished-at="2026-06-04T16:57:02 IST" duration-ms="0" status="PASS">
          <reporter-output>
          </reporter-output>
        </test-method> <!-- afterClass -->
        <test-method is-config="true" signature="close()[pri:0, instance:testcase.AmazonTestCases@6f53b8a]" started-at="2026-06-04T16:57:02 IST" name="close" finished-at="2026-06-04T16:57:03 IST" duration-ms="399" status="PASS">
          <reporter-output>
          </reporter-output>
        </test-method> <!-- close -->
      </class> <!-- testcase.AmazonTestCases -->
    </test> <!-- Test -->
  </suite> <!-- Suite -->
</testng-results>
