<?xml version="1.0" encoding="UTF-8"?>
<testng-results ignored="0" total="5" passed="5" failed="0" skipped="0">
  <reporter-output>
  </reporter-output>
  <suite started-at="2026-06-03T21:36:29 IST" name="Suite" finished-at="2026-06-03T21:37:53 IST" duration-ms="83225">
    <groups>
    </groups>
    <test started-at="2026-06-03T21:36:29 IST" name="Test" finished-at="2026-06-03T21:37:53 IST" duration-ms="83225">
      <class name="testcase.AmazonTestCases">
        <test-method is-config="true" signature="loadConfig()[pri:0, instance:testcase.AmazonTestCases@71075444]" started-at="2026-06-03T21:36:29 IST" name="loadConfig" finished-at="2026-06-03T21:36:29 IST" duration-ms="430" status="PASS">
          <reporter-output>
          </reporter-output>
        </test-method> <!-- loadConfig -->
        <test-method is-config="true" signature="beforeClass()[pri:0, instance:testcase.AmazonTestCases@71075444]" started-at="2026-06-03T21:36:29 IST" name="beforeClass" finished-at="2026-06-03T21:36:49 IST" duration-ms="19265" status="PASS">
          <reporter-output>
          </reporter-output>
        </test-method> <!-- beforeClass -->
        <test-method is-config="true" signature="beforeMethod()[pri:0, instance:testcase.AmazonTestCases@71075444]" started-at="2026-06-03T21:36:49 IST" name="beforeMethod" finished-at="2026-06-03T21:36:57 IST" duration-ms="8588" status="PASS">
          <reporter-output>
          </reporter-output>
        </test-method> <!-- beforeMethod -->
        <test-method signature="verifyTitle(java.lang.String)[pri:0, instance:testcase.AmazonTestCases@71075444]" started-at="2026-06-03T21:36:57 IST" name="verifyTitle" finished-at="2026-06-03T21:37:03 IST" duration-ms="5767" status="PASS">
          <params>
            <param index="0">
              <value>
                <![CDATA[Online Shopping site in India: Shop Online for Mobiles, Books, Watches, Shoes and More - Amazon.in]]>
              </value>
            </param>
          </params>
          <reporter-output>
          </reporter-output>
        </test-method> <!-- verifyTitle -->
        <test-method is-config="true" signature="beforeMethod()[pri:0, instance:testcase.AmazonTestCases@71075444]" started-at="2026-06-03T21:37:03 IST" name="beforeMethod" finished-at="2026-06-03T21:37:09 IST" duration-ms="5853" status="PASS">
          <reporter-output>
          </reporter-output>
        </test-method> <!-- beforeMethod -->
        <test-method signature="verifyURL()[pri:0, instance:testcase.AmazonTestCases@71075444]" started-at="2026-06-03T21:37:09 IST" name="verifyURL" finished-at="2026-06-03T21:37:09 IST" duration-ms="73" status="PASS">
          <reporter-output>
          </reporter-output>
        </test-method> <!-- verifyURL -->
        <test-method is-config="true" signature="beforeMethod()[pri:0, instance:testcase.AmazonTestCases@71075444]" started-at="2026-06-03T21:37:17 IST" name="beforeMethod" finished-at="2026-06-03T21:37:19 IST" duration-ms="1842" status="PASS">
          <reporter-output>
          </reporter-output>
        </test-method> <!-- beforeMethod -->
        <test-method signature="verifyDataSearch(java.lang.String)[pri:2, instance:testcase.AmazonTestCases@71075444]" started-at="2026-06-03T21:37:19 IST" name="verifyDataSearch" data-provider="getSearchData" finished-at="2026-06-03T21:37:31 IST" depends-on-methods="testcase.AmazonTestCases.verifyTitle" duration-ms="12097" status="PASS">
          <params>
            <param index="0">
              <value>
                <![CDATA[Laptop]]>
              </value>
            </param>
          </params>
          <reporter-output>
          </reporter-output>
        </test-method> <!-- verifyDataSearch -->
        <test-method is-config="true" signature="beforeMethod()[pri:0, instance:testcase.AmazonTestCases@71075444]" started-at="2026-06-03T21:37:31 IST" name="beforeMethod" finished-at="2026-06-03T21:37:32 IST" duration-ms="1856" status="PASS">
          <reporter-output>
          </reporter-output>
        </test-method> <!-- beforeMethod -->
        <test-method signature="verifyDataSearch(java.lang.String)[pri:2, instance:testcase.AmazonTestCases@71075444]" started-at="2026-06-03T21:37:32 IST" name="verifyDataSearch" data-provider="getSearchData" finished-at="2026-06-03T21:37:41 IST" depends-on-methods="testcase.AmazonTestCases.verifyTitle" duration-ms="8311" status="PASS">
          <params>
            <param index="0">
              <value>
                <![CDATA[Mobiles]]>
              </value>
            </param>
          </params>
          <reporter-output>
          </reporter-output>
        </test-method> <!-- verifyDataSearch -->
        <test-method is-config="true" signature="beforeMethod()[pri:0, instance:testcase.AmazonTestCases@71075444]" started-at="2026-06-03T21:37:41 IST" name="beforeMethod" finished-at="2026-06-03T21:37:43 IST" duration-ms="2265" status="PASS">
          <reporter-output>
          </reporter-output>
        </test-method> <!-- beforeMethod -->
        <test-method signature="verifyDataSearch(java.lang.String)[pri:2, instance:testcase.AmazonTestCases@71075444]" started-at="2026-06-03T21:37:43 IST" name="verifyDataSearch" data-provider="getSearchData" finished-at="2026-06-03T21:37:53 IST" depends-on-methods="testcase.AmazonTestCases.verifyTitle" duration-ms="9448" status="PASS">
          <params>
            <param index="0">
              <value>
                <![CDATA[Watches]]>
              </value>
            </param>
          </params>
          <reporter-output>
          </reporter-output>
        </test-method> <!-- verifyDataSearch -->
        <test-method is-config="true" signature="afterClass()[pri:0, instance:testcase.AmazonTestCases@71075444]" started-at="2026-06-03T21:37:53 IST" name="afterClass" finished-at="2026-06-03T21:37:53 IST" duration-ms="0" status="PASS">
          <reporter-output>
          </reporter-output>
        </test-method> <!-- afterClass -->
        <test-method is-config="true" signature="close()[pri:0, instance:testcase.AmazonTestCases@71075444]" started-at="2026-06-03T21:37:53 IST" name="close" finished-at="2026-06-03T21:37:58 IST" duration-ms="4415" status="PASS">
          <reporter-output>
          </reporter-output>
        </test-method> <!-- close -->
      </class> <!-- testcase.AmazonTestCases -->
    </test> <!-- Test -->
  </suite> <!-- Suite -->
</testng-results>
