<?xml version="1.0" encoding="UTF-8"?>
<!-- Generated by org.testng.reporters.JUnitReportReporter -->
<testsuite hostname="DESKTOP-1PP5FHN" failures="0" tests="5" name="testcase.AmazonTestCases" time="47.890" errors="0" timestamp="2026-06-04T16:57:03 IST" skipped="0">
  <testcase classname="testcase.AmazonTestCases" name="verifyTitle" time="12.091"/>
  <testcase classname="testcase.AmazonTestCases" name="verifyURL" time="10.498"/>
  <testcase classname="testcase.AmazonTestCases" name="verifyDataSearch" time="8.902"/>
  <testcase classname="testcase.AmazonTestCases" name="verifyDataSearch" time="9.033"/>
  <testcase classname="testcase.AmazonTestCases" name="verifyDataSearch" time="7.366"/>
</testsuite> <!-- testcase.AmazonTestCases -->
