<?xml version="1.0" encoding="UTF-8"?>
<!-- Generated by org.testng.reporters.JUnitReportReporter -->
<testsuite hostname="DESKTOP-1PP5FHN" failures="0" tests="5" name="testcase.AmazonTestCases" time="56.100" errors="0" timestamp="2026-06-03T21:37:59 IST" skipped="0">
  <testcase classname="testcase.AmazonTestCases" name="verifyTitle" time="14.355"/>
  <testcase classname="testcase.AmazonTestCases" name="verifyURL" time="2.338"/>
  <testcase classname="testcase.AmazonTestCases" name="verifyDataSearch" time="10.167"/>
  <testcase classname="testcase.AmazonTestCases" name="verifyDataSearch" time="15.301"/>
  <testcase classname="testcase.AmazonTestCases" name="verifyDataSearch" time="13.939"/>
</testsuite> <!-- testcase.AmazonTestCases -->
